<?xml version="1.0" encoding="UTF-8"?>
<!-- Generated by org.testng.reporters.JUnitReportReporter -->
<testsuite hostname="LAPTOP-CD3D46K5" failures="0" tests="1" name="com.CRM.qa.Testcases.Sample1" time="8.658" errors="0" timestamp="8 Apr 2024 08:50:24 GMT">
  <testcase classname="com.CRM.qa.Testcases.Sample1" name="cheomeTest1" time="8.658"/>
</testsuite> <!-- com.CRM.qa.Testcases.Sample1 -->
