<?xml version="1.0" encoding="UTF-8"?>
<!-- Generated by org.testng.reporters.JUnitReportReporter -->
<testsuite hostname="LAPTOP-CD3D46K5" failures="0" tests="1" name="com.CRM.qa.Testcases.Roughwork" time="20.615" errors="0" timestamp="4 Mar 2024 13:14:54 GMT">
  <testcase classname="com.CRM.qa.Testcases.Roughwork" name="login" time="20.615"/>
</testsuite> <!-- com.CRM.qa.Testcases.Roughwork -->
