<?xml version="1.0" encoding="UTF-8"?>
<!-- Generated by org.testng.reporters.JUnitReportReporter -->
<testsuite hostname="LAPTOP-CD3D46K5" failures="0" tests="1" name="com.CRM.qa.Testcases.CalendarPageTest" time="18.918" errors="0" timestamp="2 Apr 2024 13:32:02 GMT">
  <testcase classname="com.CRM.qa.Testcases.CalendarPageTest" name="clickOnCalendarTest" time="18.918"/>
</testsuite> <!-- com.CRM.qa.Testcases.CalendarPageTest -->
