<?xml version="1.0" encoding="UTF-8"?>
<!-- Generated by org.testng.reporters.JUnitReportReporter -->
<testsuite hostname="LAPTOP-CD3D46K5" failures="0" tests="1" name="com.CRM.qa.Testcases.SignUpPageTest" time="32.324" errors="0" timestamp="9 Mar 2024 03:59:11 GMT">
  <testcase classname="com.CRM.qa.Testcases.SignUpPageTest" name="newUserRegistration" time="32.324"/>
</testsuite> <!-- com.CRM.qa.Testcases.SignUpPageTest -->
