<?xml version="1.0" encoding="UTF-8"?>
<!-- Generated by org.testng.reporters.JUnitReportReporter -->
<testsuite hostname="LAPTOP-CD3D46K5" failures="0" tests="1" name="com.CRM.qa.Testcases.RougghWork" time="6.162" errors="0" timestamp="2 Apr 2024 08:14:13 GMT">
  <testcase classname="com.CRM.qa.Testcases.RougghWork" name="setup" time="6.162"/>
</testsuite> <!-- com.CRM.qa.Testcases.RougghWork -->
