<?xml version="1.0" encoding="UTF-8"?>
<!-- Generated by org.testng.reporters.JUnitReportReporter -->
<testsuite hostname="LAPTOP-CD3D46K5" failures="0" tests="1" name="com.CRM.qa.Testcases.LoginTest" time="14.745" errors="0" timestamp="3 Apr 2024 11:23:04 GMT">
  <testcase classname="com.CRM.qa.Testcases.LoginTest" name="LogintoCRMApplication" time="14.745"/>
</testsuite> <!-- com.CRM.qa.Testcases.LoginTest -->
