<?xml version="1.0" encoding="UTF-8"?>
<!-- Generated by org.testng.reporters.JUnitReportReporter -->
<testsuite hostname="LAPTOP-CD3D46K5" failures="0" tests="1" name="restassuredBddimplementation.CheckingResponseTime" time="2.488" errors="0" timestamp="2024-04-04T14:10:48 IST" skipped="0">
  <testcase classname="restassuredBddimplementation.CheckingResponseTime" name="verifyHeaders" time="2.488"/>
  <system-out/>
</testsuite> <!-- restassuredBddimplementation.CheckingResponseTime -->
