<?xml version="1.0" encoding="UTF-8"?>
<!-- Generated by org.testng.reporters.JUnitReportReporter -->
<testsuite hostname="LAPTOP-CD3D46K5" failures="0" tests="1" name="restassuredBddimplementation.HTTPMethodsImplementation" time="2.694" errors="0" timestamp="2024-05-15T14:55:39 IST" skipped="0">
  <testcase classname="restassuredBddimplementation.HTTPMethodsImplementation" name="Post" time="2.694"/>
  <system-out/>
</testsuite> <!-- restassuredBddimplementation.HTTPMethodsImplementation -->
