<?xml version="1.0" encoding="UTF-8"?>
<!-- Generated by org.testng.reporters.JUnitReportReporter -->
<testsuite hostname="LAPTOP-CD3D46K5" failures="0" tests="1" name="restassuredBddimplementation.ResponseVerify" time="2.577" errors="0" timestamp="2024-04-04T14:41:41 IST" skipped="0">
  <testcase classname="restassuredBddimplementation.ResponseVerify" name="Verifyresponse" time="2.577"/>
  <system-out/>
</testsuite> <!-- restassuredBddimplementation.ResponseVerify -->
