<?xml version="1.0" encoding="UTF-8"?>
<!-- Generated by org.testng.reporters.JUnitReportReporter -->
<testsuite hostname="LAPTOP-CD3D46K5" failures="0" tests="1" name="restassuredBddimplementation.CheckingResponseTime" time="2.513" errors="0" timestamp="2024-04-17T11:22:55 IST" skipped="0">
  <testcase classname="restassuredBddimplementation.CheckingResponseTime" name="verifyAll" time="2.513"/>
  <system-out/>
</testsuite> <!-- restassuredBddimplementation.CheckingResponseTime -->
