<?xml version="1.0" encoding="UTF-8"?>
<!-- Generated by org.testng.reporters.JUnitReportReporter -->
<testsuite hostname="LAPTOP-CD3D46K5" failures="0" tests="1" name="src.test.java.Parameters" time="12.723" errors="0" timestamp="2024-03-17T15:42:17 IST" skipped="0">
  <testcase classname="src.test.java.Parameters" name="pathParameter" time="12.723"/>
  <system-out/>
</testsuite> <!-- src.test.java.Parameters -->
