<?xml version="1.0" encoding="UTF-8"?>
<!-- Generated by org.testng.reporters.JUnitReportReporter -->
<testsuite hostname="LAPTOP-CD3D46K5" failures="0" tests="1" name="restassuredBddimplementation.ParsingXMLResponseBody" time="3.546" errors="0" timestamp="2024-04-17T11:31:25 IST" skipped="0">
  <testcase classname="restassuredBddimplementation.ParsingXMLResponseBody" name="parsingXmlr" time="3.546"/>
  <system-out/>
</testsuite> <!-- restassuredBddimplementation.ParsingXMLResponseBody -->
