<?xml version="1.0" encoding="UTF-8"?>
<!-- Generated by org.testng.reporters.JUnitReportReporter -->
<testsuite hostname="LAPTOP-CD3D46K5" failures="0" tests="2" name="src.test.java.GETandPOSTExample" time="4.161" errors="0" timestamp="2024-03-12T10:10:29 IST" skipped="0">
  <testcase classname="src.test.java.GETandPOSTExample" name="Post" time="0.713"/>
  <system-out/>
  <testcase classname="src.test.java.GETandPOSTExample" name="GET" time="3.448"/>
  <system-out/>
</testsuite> <!-- src.test.java.GETandPOSTExample -->
