<?xml version="1.0" encoding="UTF-8"?>
<!-- Generated by org.testng.reporters.JUnitReportReporter -->
<testsuite hostname="LAPTOP-CD3D46K5" failures="0" tests="1" name="restassuredBddimplementation.CookiesandHeadersVerification" time="4.725" errors="0" timestamp="2024-03-14T14:42:13 IST" skipped="0">
  <testcase classname="restassuredBddimplementation.CookiesandHeadersVerification" name="getHeaders" time="4.725"/>
  <system-out/>
</testsuite> <!-- restassuredBddimplementation.CookiesandHeadersVerification -->
