<?xml version="1.0" encoding="UTF-8"?>
<!-- Generated by org.testng.reporters.JUnitReportReporter -->
<testsuite hostname="LAPTOP-CD3D46K5" failures="0" tests="2" name="src.test.java.RestApi" time="3.670" errors="0" timestamp="2024-02-29T10:33:59 IST" skipped="1">
  <testcase classname="src.test.java.RestApi" name="TEst2" time="3.670"/>
  <system-out/>
  <testcase classname="src.test.java.RestApi" name="dis">
    <skipped/>
  </testcase> <!-- dis -->
  <system-out/>
</testsuite> <!-- src.test.java.RestApi -->
