<?xml version="1.0" encoding="UTF-8"?>
<!-- Generated by org.testng.reporters.JUnitReportReporter -->
<testsuite hostname="LAPTOP-CD3D46K5" failures="0" tests="1" name="src.test.java.GETandPOSTExample" time="3.140" errors="0" timestamp="2024-05-10T15:31:24 IST" skipped="0">
  <testcase classname="src.test.java.GETandPOSTExample" name="GET" time="3.140"/>
  <system-out/>
</testsuite> <!-- src.test.java.GETandPOSTExample -->
