<?xml version="1.0" encoding="UTF-8"?>
<!-- Generated by org.testng.reporters.JUnitReportReporter -->
<testsuite hostname="LAPTOP-CD3D46K5" failures="0" tests="1" name="restassuredBddimplementation.ParsingJSONResponseBody" time="4.828" errors="0" timestamp="2024-03-16T14:39:33 IST" skipped="0">
  <testcase classname="restassuredBddimplementation.ParsingJSONResponseBody" name="gettingFirstNameOfallObjects" time="4.828"/>
  <system-out/>
</testsuite> <!-- restassuredBddimplementation.ParsingJSONResponseBody -->
