<?xml version="1.0" encoding="UTF-8"?>
<!-- Generated by org.testng.reporters.JUnitReportReporter -->
<testsuite hostname="LAPTOP-CD3D46K5" failures="0" tests="1" name="restassuredBddimplementation.VerifyResponse" time="2.177" errors="0" timestamp="2024-03-14T13:52:45 IST" skipped="0">
  <testcase classname="restassuredBddimplementation.VerifyResponse" name="getHeaders" time="2.177"/>
  <system-out/>
</testsuite> <!-- restassuredBddimplementation.VerifyResponse -->
