<?xml version="1.0" encoding="UTF-8"?>
<!-- Generated by org.testng.reporters.JUnitReportReporter -->
<testsuite hostname="LAPTOP-CD3D46K5" failures="0" tests="1" name="restassuredBddimplementation.CookiesandHeadersVerification" time="3.116" errors="0" timestamp="2024-04-17T11:13:47 IST" skipped="0">
  <testcase classname="restassuredBddimplementation.CookiesandHeadersVerification" name="getHeaderstype" time="3.116"/>
  <system-out/>
</testsuite> <!-- restassuredBddimplementation.CookiesandHeadersVerification -->
