<?xml version="1.0" encoding="UTF-8"?>
<!-- Generated by org.testng.reporters.JUnitReportReporter -->
<testsuite hostname="LAPTOP-CD3D46K5" failures="0" tests="2" name="src.test.java.Res" time="5.551" errors="0" timestamp="2024-04-25T15:25:56 IST" skipped="1">
  <testcase classname="src.test.java.Res" name="dis" time="5.551"/>
  <system-out/>
  <testcase classname="src.test.java.Res" name="TEst2">
    <skipped/>
  </testcase> <!-- TEst2 -->
  <system-out/>
</testsuite> <!-- src.test.java.Res -->
